{
 "cells": [
  {
   "cell_type": "markdown",
   "id": "45d722be",
   "metadata": {},
   "source": [
    "# Fundamentos de bases de datos\n",
    "## Laboratorio 2022 - Tarea 4\n",
    "\n",
    "**Objetivos:** \n",
    "\n",
    "* Trabajar sobre los conceptos básicos de procesamiento y optimización de consultas, en particular la confección de planes lógicos y físico.\n",
    "* Contrastar el modelo de procesamiento de consultas visto en el curso con los planes generados por PostgreSQL.\n",
    "\n",
    "**Referencias y material de consulta**\n",
    "\n",
    "- Material del curso de Fundamentos de Bases de datos sobre diseño relacional\n",
    "- [EN, 2011] Capítulo 19, Fundamentals of Database Systems, Elmasri & Navathe, 6th Edition, Pearson, 2011\n",
    "- Explaining the Postgres Query Optimizer , Bruce Momjian, (https://momjian.us/main/presentations/internals.html)\n",
    "- Query Execution Techniques in PostgresSQL, Neil Conway, (http://www.neilconway.org/talks/executor.pdf)\n",
    "- Documentación de PostgreSQL, Uso del comando EXPLAIN (https://www.postgresql.org/docs/current/sql-explain.html)\n",
    "\n",
    "\n",
    "**Entrega:** Realizar todas las actividades que se describen en este notebook. Si es necesario, se pueden agregar más celdas tanto de tipo markdown como código. Se pide entregar, los DOS siguientes archivos:\n",
    "1. el `notebook modificado` que refleje el trabajo realizado por el grupo, incluyendo respuestas, explicaciones y el código generado.\n",
    "2. el `pdf` correspondiente al notebook entregado (verificar que todas las partes queden contenidas en el pdf, para que éste pueda ser leído correctamente).\n",
    "\n",
    "**IMPORTANTE:** \n",
    "1. Comprobar antes de realizar la entrega final, haber completado la primera sección \"Datos del grupo\"\n",
    "\n",
    "**PLAZO DE ENTREGA:** **lunes 11/11/2022 23:59**\n"
   ]
  },
  {
   "cell_type": "markdown",
   "id": "c7bedd02",
   "metadata": {},
   "source": [
    "# Datos del grupo\n",
    "\n",
    "**Identificación del grupo:** bdatosNN\n",
    "    \n",
    "**Integrantes:**\n",
    "* nombre apellido integrante i - cédula de identidad integrante i"
   ]
  },
  {
   "cell_type": "markdown",
   "id": "00a29fe1",
   "metadata": {},
   "source": [
    "## Descripción de la realidad \n",
    "\n",
    "El objetivo de esta tarea es trabajar sobre los conceptos de procesamiento y optimización de consultas, en particular la confección de planes lógicos y físicos por parte del manejador. Para esto utilizaremos dos consultas, comparando los planes obtenidos aplicando el modelo de procesamiento de consultas visto en el teórico con los planes generados por el manejador PostgreSQL. La tarea se organiza en dos partes: primero generar los planes según el modelo visto en el curso y luego analizar y comparar con los planes generados por PostgreSQL."
   ]
  },
  {
   "cell_type": "markdown",
   "id": "52f3387b",
   "metadata": {},
   "source": [
    "## Configuración de ambiente SQL"
   ]
  },
  {
   "cell_type": "code",
   "execution_count": 2,
   "id": "66ebf11e",
   "metadata": {},
   "outputs": [
    {
     "name": "stdout",
     "output_type": "stream",
     "text": [
      "Requirement already satisfied: ipython-sql in c:\\users\\bcent\\appdata\\local\\programs\\python\\python310\\lib\\site-packages (0.4.1)\n",
      "Requirement already satisfied: sqlalchemy>=0.6.7 in c:\\users\\bcent\\appdata\\local\\programs\\python\\python310\\lib\\site-packages (from ipython-sql) (1.4.40)\n",
      "Requirement already satisfied: sqlparse in c:\\users\\bcent\\appdata\\local\\programs\\python\\python310\\lib\\site-packages (from ipython-sql) (0.4.2)\n",
      "Requirement already satisfied: six in c:\\users\\bcent\\appdata\\local\\programs\\python\\python310\\lib\\site-packages (from ipython-sql) (1.16.0)\n",
      "Requirement already satisfied: prettytable<1 in c:\\users\\bcent\\appdata\\local\\programs\\python\\python310\\lib\\site-packages (from ipython-sql) (0.7.2)\n",
      "Requirement already satisfied: ipython>=1.0 in c:\\users\\bcent\\appdata\\local\\programs\\python\\python310\\lib\\site-packages (from ipython-sql) (8.4.0)\n",
      "Requirement already satisfied: ipython-genutils>=0.1.0 in c:\\users\\bcent\\appdata\\local\\programs\\python\\python310\\lib\\site-packages (from ipython-sql) (0.2.0)\n",
      "Requirement already satisfied: backcall in c:\\users\\bcent\\appdata\\local\\programs\\python\\python310\\lib\\site-packages (from ipython>=1.0->ipython-sql) (0.2.0)\n",
      "Requirement already satisfied: stack-data in c:\\users\\bcent\\appdata\\local\\programs\\python\\python310\\lib\\site-packages (from ipython>=1.0->ipython-sql) (0.5.0)\n",
      "Requirement already satisfied: jedi>=0.16 in c:\\users\\bcent\\appdata\\local\\programs\\python\\python310\\lib\\site-packages (from ipython>=1.0->ipython-sql) (0.18.1)\n",
      "Requirement already satisfied: prompt-toolkit!=3.0.0,!=3.0.1,<3.1.0,>=2.0.0 in c:\\users\\bcent\\appdata\\local\\programs\\python\\python310\\lib\\site-packages (from ipython>=1.0->ipython-sql) (3.0.31)\n",
      "Requirement already satisfied: setuptools>=18.5 in c:\\users\\bcent\\appdata\\local\\programs\\python\\python310\\lib\\site-packages (from ipython>=1.0->ipython-sql) (57.4.0)\n",
      "Requirement already satisfied: traitlets>=5 in c:\\users\\bcent\\appdata\\local\\programs\\python\\python310\\lib\\site-packages (from ipython>=1.0->ipython-sql) (5.3.0)\n",
      "Requirement already satisfied: pygments>=2.4.0 in c:\\users\\bcent\\appdata\\local\\programs\\python\\python310\\lib\\site-packages (from ipython>=1.0->ipython-sql) (2.13.0)\n",
      "Requirement already satisfied: decorator in c:\\users\\bcent\\appdata\\local\\programs\\python\\python310\\lib\\site-packages (from ipython>=1.0->ipython-sql) (5.1.1)\n",
      "Requirement already satisfied: colorama in c:\\users\\bcent\\appdata\\local\\programs\\python\\python310\\lib\\site-packages (from ipython>=1.0->ipython-sql) (0.4.4)\n",
      "Requirement already satisfied: matplotlib-inline in c:\\users\\bcent\\appdata\\local\\programs\\python\\python310\\lib\\site-packages (from ipython>=1.0->ipython-sql) (0.1.6)\n",
      "Requirement already satisfied: pickleshare in c:\\users\\bcent\\appdata\\local\\programs\\python\\python310\\lib\\site-packages (from ipython>=1.0->ipython-sql) (0.7.5)\n",
      "Requirement already satisfied: greenlet!=0.4.17 in c:\\users\\bcent\\appdata\\local\\programs\\python\\python310\\lib\\site-packages (from sqlalchemy>=0.6.7->ipython-sql) (1.1.3)\n",
      "Requirement already satisfied: parso<0.9.0,>=0.8.0 in c:\\users\\bcent\\appdata\\local\\programs\\python\\python310\\lib\\site-packages (from jedi>=0.16->ipython>=1.0->ipython-sql) (0.8.3)\n",
      "Requirement already satisfied: wcwidth in c:\\users\\bcent\\appdata\\local\\programs\\python\\python310\\lib\\site-packages (from prompt-toolkit!=3.0.0,!=3.0.1,<3.1.0,>=2.0.0->ipython>=1.0->ipython-sql) (0.2.5)\n",
      "Requirement already satisfied: asttokens in c:\\users\\bcent\\appdata\\local\\programs\\python\\python310\\lib\\site-packages (from stack-data->ipython>=1.0->ipython-sql) (2.0.8)\n",
      "Requirement already satisfied: pure-eval in c:\\users\\bcent\\appdata\\local\\programs\\python\\python310\\lib\\site-packages (from stack-data->ipython>=1.0->ipython-sql) (0.2.2)\n",
      "Requirement already satisfied: executing in c:\\users\\bcent\\appdata\\local\\programs\\python\\python310\\lib\\site-packages (from stack-data->ipython>=1.0->ipython-sql) (1.0.0)\n"
     ]
    },
    {
     "name": "stderr",
     "output_type": "stream",
     "text": [
      "WARNING: You are using pip version 21.3.1; however, version 22.3 is available.\n",
      "You should consider upgrading via the 'C:\\Users\\bcent\\AppData\\Local\\Programs\\Python\\Python310\\python.exe -m pip install --upgrade pip' command.\n"
     ]
    },
    {
     "name": "stdout",
     "output_type": "stream",
     "text": [
      "Requirement already satisfied: psycopg2 in c:\\users\\bcent\\appdata\\local\\programs\\python\\python310\\lib\\site-packages (2.9.3)\n"
     ]
    },
    {
     "name": "stderr",
     "output_type": "stream",
     "text": [
      "WARNING: You are using pip version 21.3.1; however, version 22.3 is available.\n",
      "You should consider upgrading via the 'C:\\Users\\bcent\\AppData\\Local\\Programs\\Python\\Python310\\python.exe -m pip install --upgrade pip' command.\n"
     ]
    }
   ],
   "source": [
    "!pip3 install ipython-sql\n",
    "!pip3 install psycopg2"
   ]
  },
  {
   "cell_type": "code",
   "execution_count": 13,
   "id": "91e64797",
   "metadata": {},
   "outputs": [
    {
     "name": "stdout",
     "output_type": "stream",
     "text": [
      "The sql extension is already loaded. To reload it, use:\n",
      "  %reload_ext sql\n"
     ]
    }
   ],
   "source": [
    "%load_ext sql"
   ]
  },
  {
   "cell_type": "code",
   "execution_count": 14,
   "id": "493c479b",
   "metadata": {},
   "outputs": [],
   "source": [
    "#conexion local\n",
    "\n",
    "host = \"localhost\"\n",
    "database = \"movies\"\n",
    "user = \"postgres\"\n",
    "password = \"b\"\n",
    "\n",
    "connection_string = f\"postgresql://{user}:{password}@{host}/{database}\"\n",
    "\n",
    "%sql $connection_string\n",
    "\n"
   ]
  },
  {
   "cell_type": "markdown",
   "id": "d338cf44",
   "metadata": {},
   "source": [
    "## Modelo de datos\n",
    "\n",
    "Se trabajará sobre el moodelo de datos utilizado en la Tarea 2"
   ]
  },
  {
   "cell_type": "markdown",
   "id": "9b67e687",
   "metadata": {},
   "source": [
    "# 1. Actividad 1"
   ]
  },
  {
   "cell_type": "markdown",
   "id": "09f19c3b",
   "metadata": {},
   "source": [
    "Considere la consulta expresa en la siguiente celda:"
   ]
  },
  {
   "cell_type": "code",
   "execution_count": 4,
   "id": "6a1adb11",
   "metadata": {},
   "outputs": [
    {
     "name": "stdout",
     "output_type": "stream",
     "text": [
      "Environment variable $DATABASE_URL not set, and no connect string given.\n",
      "Connection info needed in SQLAlchemy format, example:\n",
      "               postgresql://username:password@hostname/dbname\n",
      "               or an existing connection: dict_keys([])\n"
     ]
    }
   ],
   "source": [
    "%%sql SELECT j.name, m.name \n",
    "FROM jobs j JOIN casts c ON j.id = c.job_id\n",
    "     JOIN movies m ON c.movie_id = m.id\n",
    "\t JOIN movie_genres mg ON m.id = mg.movie_id\n",
    "WHERE\n",
    "\tj.name = 'Director'\n",
    "\tAND mg.genre_id = 18\n"
   ]
  },
  {
   "cell_type": "markdown",
   "id": "e088a3f5",
   "metadata": {},
   "source": [
    "## Actividad 1.A"
   ]
  },
  {
   "cell_type": "markdown",
   "id": "d39a5aad",
   "metadata": {},
   "source": [
    "Obtener los planes lógicos de acuerdo a lo visto en el curso.\n",
    "\n",
    "> (a) Obtener el árbol canónico correspondiente a la consulta.\n",
    "\n",
    "> (b) Generar un plan lógico, partiendo del árbol canónico y aplicando las heurísticas vistas en el curso.\n"
   ]
  },
  {
   "cell_type": "markdown",
   "id": "1568bfbf",
   "metadata": {},
   "source": [
    "**Resultado actividad 1A - Parte A:** \n",
    "\n",
    "\n"
   ]
  },
  {
   "cell_type": "markdown",
   "id": "a16d5712",
   "metadata": {},
   "source": [
    "**Resultado actividad 1A - Parte B:** "
   ]
  },
  {
   "cell_type": "markdown",
   "id": "0af7c4f2",
   "metadata": {},
   "source": [
    "## Actividad 1.B\n",
    "\n",
    "Generar un plan físico para el plan lógico visto de la parte 1.A"
   ]
  },
  {
   "cell_type": "markdown",
   "id": "8aba5ce5",
   "metadata": {},
   "source": [
    "**Resultado actividad 1.B:** "
   ]
  },
  {
   "cell_type": "markdown",
   "id": "23a14aa5",
   "metadata": {},
   "source": [
    "# 2 Actividad 2\n",
    "Obtener e interpretar planes de ejecución en PostgreSQL\n",
    "\n",
    "> (a) Indique brevemente que permiten hacer los comandos ANALYZE, EXPLAIN y EXPLAIN ANALYZE (ver Manual de PosgreSQL).\n",
    "\n",
    "> (b) ¿Cómo se interpretan los resultados que devuelven los comandos EXPLAIN y EXPLAIN ANALYZE? En particular ¿En qué unidad de medida se miden los costos?\n",
    "\n",
    "> (c) Ejecute el comando EXPLAIN para la consulta de la Actividad 1.\n",
    "\n",
    "> (d) Analice el plan obtenido en la parte 2c y compárelo con el plan físico generado en la actividad 1. \n",
    "\n",
    "> (e) Ejecute SET enable_seqscan = OFF y vuelva a obtener el plan físico para la consulta de la actividad 1. En caso de que obtenga un plan físico diferente, explique claramente a que se deben las diferencias. \n"
   ]
  },
  {
   "cell_type": "markdown",
   "id": "0d1d0f7b",
   "metadata": {},
   "source": [
    "**Resultado actividad 2 - Parte A:** \n",
    "\n",
    "\n"
   ]
  },
  {
   "cell_type": "markdown",
   "id": "377c4261",
   "metadata": {},
   "source": [
    "Analyze -> permite actualizar los datos estadísticos de la base de datos, para que el optimizador pueda tomar mejores decisiones. \n",
    "\n",
    "Explain -> permite obtener el plan de ejecución de una consulta, sin ejecutarla.\n",
    "\n",
    "Explain analyze -> permite obtener el plan de ejecución de una consulta, sin ejecutarla, pero además permite obtener información sobre el tiempo de ejecución de cada operación."
   ]
  },
  {
   "cell_type": "markdown",
   "id": "4ef36e46",
   "metadata": {},
   "source": [
    "**Resultado actividad 2 - Parte B:** \n",
    "\n",
    "\n"
   ]
  },
  {
   "cell_type": "markdown",
   "id": "6e219061",
   "metadata": {},
   "source": [
    "**Resultado actividad 2 - Parte C:** \n",
    "\n",
    "\n"
   ]
  },
  {
   "cell_type": "code",
   "execution_count": 45,
   "id": "08350000",
   "metadata": {},
   "outputs": [
    {
     "name": "stdout",
     "output_type": "stream",
     "text": [
      " * postgresql://postgres:***@localhost/movies\n",
      "Done.\n",
      "14 rows affected.\n"
     ]
    },
    {
     "data": {
      "text/html": [
       "<table>\n",
       "    <tr>\n",
       "        <th>QUERY PLAN</th>\n",
       "    </tr>\n",
       "    <tr>\n",
       "        <td>Hash Join  (cost=57.14..810.80 rows=32 width=34)</td>\n",
       "    </tr>\n",
       "    <tr>\n",
       "        <td>&nbsp;&nbsp;Hash Cond: (c.job_id = j.id)</td>\n",
       "    </tr>\n",
       "    <tr>\n",
       "        <td>&nbsp;&nbsp;-&gt;  Nested Loop  (cost=50.37..778.15 rows=9724 width=24)</td>\n",
       "    </tr>\n",
       "    <tr>\n",
       "        <td>&nbsp;&nbsp;&nbsp;&nbsp;&nbsp;&nbsp;&nbsp;&nbsp;-&gt;  Hash Join  (cost=49.95..89.10 rows=371 width=32)</td>\n",
       "    </tr>\n",
       "    <tr>\n",
       "        <td>&nbsp;&nbsp;&nbsp;&nbsp;&nbsp;&nbsp;&nbsp;&nbsp;&nbsp;&nbsp;&nbsp;&nbsp;&nbsp;&nbsp;Hash Cond: (m.id = mg.movie_id)</td>\n",
       "    </tr>\n",
       "    <tr>\n",
       "        <td>&nbsp;&nbsp;&nbsp;&nbsp;&nbsp;&nbsp;&nbsp;&nbsp;&nbsp;&nbsp;&nbsp;&nbsp;&nbsp;&nbsp;-&gt;  Seq Scan on movies m  (cost=0.00..34.95 rows=1595 width=24)</td>\n",
       "    </tr>\n",
       "    <tr>\n",
       "        <td>&nbsp;&nbsp;&nbsp;&nbsp;&nbsp;&nbsp;&nbsp;&nbsp;&nbsp;&nbsp;&nbsp;&nbsp;&nbsp;&nbsp;-&gt;  Hash  (cost=45.31..45.31 rows=371 width=8)</td>\n",
       "    </tr>\n",
       "    <tr>\n",
       "        <td>&nbsp;&nbsp;&nbsp;&nbsp;&nbsp;&nbsp;&nbsp;&nbsp;&nbsp;&nbsp;&nbsp;&nbsp;&nbsp;&nbsp;&nbsp;&nbsp;&nbsp;&nbsp;&nbsp;&nbsp;-&gt;  Seq Scan on movie_genres mg  (cost=0.00..45.31 rows=371 width=8)</td>\n",
       "    </tr>\n",
       "    <tr>\n",
       "        <td>&nbsp;&nbsp;&nbsp;&nbsp;&nbsp;&nbsp;&nbsp;&nbsp;&nbsp;&nbsp;&nbsp;&nbsp;&nbsp;&nbsp;&nbsp;&nbsp;&nbsp;&nbsp;&nbsp;&nbsp;&nbsp;&nbsp;&nbsp;&nbsp;&nbsp;&nbsp;Filter: (genre_id = 18)</td>\n",
       "    </tr>\n",
       "    <tr>\n",
       "        <td>&nbsp;&nbsp;&nbsp;&nbsp;&nbsp;&nbsp;&nbsp;&nbsp;-&gt;  Index Only Scan using casts_pkey on casts c  (cost=0.41..1.60 rows=26 width=16)</td>\n",
       "    </tr>\n",
       "    <tr>\n",
       "        <td>&nbsp;&nbsp;&nbsp;&nbsp;&nbsp;&nbsp;&nbsp;&nbsp;&nbsp;&nbsp;&nbsp;&nbsp;&nbsp;&nbsp;Index Cond: (movie_id = m.id)</td>\n",
       "    </tr>\n",
       "    <tr>\n",
       "        <td>&nbsp;&nbsp;-&gt;  Hash  (cost=6.76..6.76 rows=1 width=26)</td>\n",
       "    </tr>\n",
       "    <tr>\n",
       "        <td>&nbsp;&nbsp;&nbsp;&nbsp;&nbsp;&nbsp;&nbsp;&nbsp;-&gt;  Seq Scan on jobs j  (cost=0.00..6.76 rows=1 width=26)</td>\n",
       "    </tr>\n",
       "    <tr>\n",
       "        <td>&nbsp;&nbsp;&nbsp;&nbsp;&nbsp;&nbsp;&nbsp;&nbsp;&nbsp;&nbsp;&nbsp;&nbsp;&nbsp;&nbsp;Filter: (name = &#x27;Director&#x27;::text)</td>\n",
       "    </tr>\n",
       "</table>"
      ],
      "text/plain": [
       "[('Hash Join  (cost=57.14..810.80 rows=32 width=34)',),\n",
       " ('  Hash Cond: (c.job_id = j.id)',),\n",
       " ('  ->  Nested Loop  (cost=50.37..778.15 rows=9724 width=24)',),\n",
       " ('        ->  Hash Join  (cost=49.95..89.10 rows=371 width=32)',),\n",
       " ('              Hash Cond: (m.id = mg.movie_id)',),\n",
       " ('              ->  Seq Scan on movies m  (cost=0.00..34.95 rows=1595 width=24)',),\n",
       " ('              ->  Hash  (cost=45.31..45.31 rows=371 width=8)',),\n",
       " ('                    ->  Seq Scan on movie_genres mg  (cost=0.00..45.31 rows=371 width=8)',),\n",
       " ('                          Filter: (genre_id = 18)',),\n",
       " ('        ->  Index Only Scan using casts_pkey on casts c  (cost=0.41..1.60 rows=26 width=16)',),\n",
       " ('              Index Cond: (movie_id = m.id)',),\n",
       " ('  ->  Hash  (cost=6.76..6.76 rows=1 width=26)',),\n",
       " ('        ->  Seq Scan on jobs j  (cost=0.00..6.76 rows=1 width=26)',),\n",
       " (\"              Filter: (name = 'Director'::text)\",)]"
      ]
     },
     "execution_count": 45,
     "metadata": {},
     "output_type": "execute_result"
    }
   ],
   "source": [
    "%%sql\n",
    "\n",
    "SET ENABLE_SEQSCAN TO ON;\n",
    "\n",
    "EXPLAIN SELECT j.name, m.name\n",
    "FROM jobs j JOIN casts c ON j.id = c.job_id\n",
    "      JOIN movies m ON c.movie_id = m.id\n",
    "      JOIN movie_genres mg ON m.id = mg.movie_id\n",
    "WHERE j.name = 'Director'\n",
    "      AND mg.genre_id = 18\n",
    "      "
   ]
  },
  {
   "cell_type": "markdown",
   "id": "cc02a614",
   "metadata": {},
   "source": [
    "**Resultado actividad 2 - Parte D:** \n",
    "\n",
    "\n"
   ]
  },
  {
   "cell_type": "markdown",
   "id": "b81942f1",
   "metadata": {},
   "source": [
    "**Resultado actividad 2 - Parte E:** \n",
    "\n",
    "\n"
   ]
  },
  {
   "cell_type": "code",
   "execution_count": 46,
   "id": "abe19e7e",
   "metadata": {},
   "outputs": [
    {
     "name": "stdout",
     "output_type": "stream",
     "text": [
      " * postgresql://postgres:***@localhost/movies\n",
      "Done.\n",
      "13 rows affected.\n"
     ]
    },
    {
     "data": {
      "text/html": [
       "<table>\n",
       "    <tr>\n",
       "        <th>QUERY PLAN</th>\n",
       "    </tr>\n",
       "    <tr>\n",
       "        <td>Hash Join  (cost=20.40..914.13 rows=32 width=34)</td>\n",
       "    </tr>\n",
       "    <tr>\n",
       "        <td>&nbsp;&nbsp;Hash Cond: (c.job_id = j.id)</td>\n",
       "    </tr>\n",
       "    <tr>\n",
       "        <td>&nbsp;&nbsp;-&gt;  Nested Loop  (cost=0.97..868.82 rows=9724 width=24)</td>\n",
       "    </tr>\n",
       "    <tr>\n",
       "        <td>&nbsp;&nbsp;&nbsp;&nbsp;&nbsp;&nbsp;&nbsp;&nbsp;-&gt;  Merge Join  (cost=0.56..179.77 rows=371 width=32)</td>\n",
       "    </tr>\n",
       "    <tr>\n",
       "        <td>&nbsp;&nbsp;&nbsp;&nbsp;&nbsp;&nbsp;&nbsp;&nbsp;&nbsp;&nbsp;&nbsp;&nbsp;&nbsp;&nbsp;Merge Cond: (m.id = mg.movie_id)</td>\n",
       "    </tr>\n",
       "    <tr>\n",
       "        <td>&nbsp;&nbsp;&nbsp;&nbsp;&nbsp;&nbsp;&nbsp;&nbsp;&nbsp;&nbsp;&nbsp;&nbsp;&nbsp;&nbsp;-&gt;  Index Scan using movies_pkey on movies m  (cost=0.28..100.37 rows=1595 width=24)</td>\n",
       "    </tr>\n",
       "    <tr>\n",
       "        <td>&nbsp;&nbsp;&nbsp;&nbsp;&nbsp;&nbsp;&nbsp;&nbsp;&nbsp;&nbsp;&nbsp;&nbsp;&nbsp;&nbsp;-&gt;  Index Only Scan using movie_genres_pkey on movie_genres mg  (cost=0.28..70.78 rows=371 width=8)</td>\n",
       "    </tr>\n",
       "    <tr>\n",
       "        <td>&nbsp;&nbsp;&nbsp;&nbsp;&nbsp;&nbsp;&nbsp;&nbsp;&nbsp;&nbsp;&nbsp;&nbsp;&nbsp;&nbsp;&nbsp;&nbsp;&nbsp;&nbsp;&nbsp;&nbsp;Index Cond: (genre_id = 18)</td>\n",
       "    </tr>\n",
       "    <tr>\n",
       "        <td>&nbsp;&nbsp;&nbsp;&nbsp;&nbsp;&nbsp;&nbsp;&nbsp;-&gt;  Index Only Scan using casts_pkey on casts c  (cost=0.41..1.60 rows=26 width=16)</td>\n",
       "    </tr>\n",
       "    <tr>\n",
       "        <td>&nbsp;&nbsp;&nbsp;&nbsp;&nbsp;&nbsp;&nbsp;&nbsp;&nbsp;&nbsp;&nbsp;&nbsp;&nbsp;&nbsp;Index Cond: (movie_id = m.id)</td>\n",
       "    </tr>\n",
       "    <tr>\n",
       "        <td>&nbsp;&nbsp;-&gt;  Hash  (cost=19.42..19.42 rows=1 width=26)</td>\n",
       "    </tr>\n",
       "    <tr>\n",
       "        <td>&nbsp;&nbsp;&nbsp;&nbsp;&nbsp;&nbsp;&nbsp;&nbsp;-&gt;  Index Scan using jobs_pkey on jobs j  (cost=0.15..19.42 rows=1 width=26)</td>\n",
       "    </tr>\n",
       "    <tr>\n",
       "        <td>&nbsp;&nbsp;&nbsp;&nbsp;&nbsp;&nbsp;&nbsp;&nbsp;&nbsp;&nbsp;&nbsp;&nbsp;&nbsp;&nbsp;Filter: (name = &#x27;Director&#x27;::text)</td>\n",
       "    </tr>\n",
       "</table>"
      ],
      "text/plain": [
       "[('Hash Join  (cost=20.40..914.13 rows=32 width=34)',),\n",
       " ('  Hash Cond: (c.job_id = j.id)',),\n",
       " ('  ->  Nested Loop  (cost=0.97..868.82 rows=9724 width=24)',),\n",
       " ('        ->  Merge Join  (cost=0.56..179.77 rows=371 width=32)',),\n",
       " ('              Merge Cond: (m.id = mg.movie_id)',),\n",
       " ('              ->  Index Scan using movies_pkey on movies m  (cost=0.28..100.37 rows=1595 width=24)',),\n",
       " ('              ->  Index Only Scan using movie_genres_pkey on movie_genres mg  (cost=0.28..70.78 rows=371 width=8)',),\n",
       " ('                    Index Cond: (genre_id = 18)',),\n",
       " ('        ->  Index Only Scan using casts_pkey on casts c  (cost=0.41..1.60 rows=26 width=16)',),\n",
       " ('              Index Cond: (movie_id = m.id)',),\n",
       " ('  ->  Hash  (cost=19.42..19.42 rows=1 width=26)',),\n",
       " ('        ->  Index Scan using jobs_pkey on jobs j  (cost=0.15..19.42 rows=1 width=26)',),\n",
       " (\"              Filter: (name = 'Director'::text)\",)]"
      ]
     },
     "execution_count": 46,
     "metadata": {},
     "output_type": "execute_result"
    }
   ],
   "source": [
    "\n",
    "%%sql\n",
    "\n",
    "\n",
    "SET ENABLE_SEQSCAN TO OFF;\n",
    "\n",
    "EXPLAIN SELECT j.name, m.name\n",
    "FROM jobs j JOIN casts c ON j.id = c.job_id\n",
    "      JOIN movies m ON c.movie_id = m.id\n",
    "      JOIN movie_genres mg ON m.id = mg.movie_id\n",
    "WHERE j.name = 'Director'\n",
    "      AND mg.genre_id = 18\n",
    "      "
   ]
  }
 ],
 "metadata": {
  "kernelspec": {
   "display_name": "Python 3.10.0 64-bit",
   "language": "python",
   "name": "python3"
  },
  "language_info": {
   "codemirror_mode": {
    "name": "ipython",
    "version": 3
   },
   "file_extension": ".py",
   "mimetype": "text/x-python",
   "name": "python",
   "nbconvert_exporter": "python",
   "pygments_lexer": "ipython3",
   "version": "3.10.0"
  },
  "vscode": {
   "interpreter": {
    "hash": "58ba4f2de7b308167b1ce11df91aad5361c68242d6b39d91cc62be51e89d1355"
   }
  }
 },
 "nbformat": 4,
 "nbformat_minor": 5
}
